The system is: Windows - 10.0.18362 - AMD64
Compiling the C compiler identification source file "CMakeCCompilerId.c" succeeded.
Compiler: C:/Program Files (x86)/Microsoft Visual Studio/2019/Community/VC/Tools/MSVC/14.21.27702/bin/Hostx64/x64/cl.exe 
Build flags: 
Id flags:  

The output was:
0
Microsoft (R) C/C++ Optimizing Compiler Version 19.21.27702.2 for x64
Copyright (C) Microsoft Corporation.  All rights reserved.

CMakeCCompilerId.c
Microsoft (R) Incremental Linker Version 14.21.27702.2
Copyright (C) Microsoft Corporation.  All rights reserved.

/out:CMakeCCompilerId.exe 
CMakeCCompilerId.obj 


Compilation of the C compiler identification source "CMakeCCompilerId.c" produced "CMakeCCompilerId.exe"

Compilation of the C compiler identification source "CMakeCCompilerId.c" produced "CMakeCCompilerId.obj"

The C compiler identification is MSVC, found in "C:/Users/Sam Li/C-Project/ImageProcessing/build/CMakeFiles/3.16.1/CompilerIdC/CMakeCCompilerId.exe"

Compiling the CXX compiler identification source file "CMakeCXXCompilerId.cpp" succeeded.
Compiler: C:/Program Files (x86)/Microsoft Visual Studio/2019/Community/VC/Tools/MSVC/14.21.27702/bin/Hostx64/x64/cl.exe 
Build flags: 
Id flags:  

The output was:
0
Microsoft (R) C/C++ Optimizing Compiler Version 19.21.27702.2 for x64
Copyright (C) Microsoft Corporation.  All rights reserved.

CMakeCXXCompilerId.cpp
Microsoft (R) Incremental Linker Version 14.21.27702.2
Copyright (C) Microsoft Corporation.  All rights reserved.

/out:CMakeCXXCompilerId.exe 
CMakeCXXCompilerId.obj 


Compilation of the CXX compiler identification source "CMakeCXXCompilerId.cpp" produced "CMakeCXXCompilerId.exe"

Compilation of the CXX compiler identification source "CMakeCXXCompilerId.cpp" produced "CMakeCXXCompilerId.obj"

The CXX compiler identification is MSVC, found in "C:/Users/Sam Li/C-Project/ImageProcessing/build/CMakeFiles/3.16.1/CompilerIdCXX/CMakeCXXCompilerId.exe"

Determining if the C compiler works passed with the following output:
Change Dir: C:/Users/Sam Li/C-Project/ImageProcessing/build/CMakeFiles/CMakeTmp

Run Build Command(s):C:/PROGRA~1/NINJA-~1/ninja.exe cmTC_a537a && [1/2] Building C object CMakeFiles\cmTC_a537a.dir\testCCompiler.c.obj
[2/2] Linking C executable cmTC_a537a.exe



Detecting C compiler ABI info compiled with the following output:
Change Dir: C:/Users/Sam Li/C-Project/ImageProcessing/build/CMakeFiles/CMakeTmp

Run Build Command(s):C:/PROGRA~1/NINJA-~1/ninja.exe cmTC_16325 && [1/2] Building C object CMakeFiles\cmTC_16325.dir\CMakeCCompilerABI.c.obj
[2/2] Linking C executable cmTC_16325.exe



Determining if the CXX compiler works passed with the following output:
Change Dir: C:/Users/Sam Li/C-Project/ImageProcessing/build/CMakeFiles/CMakeTmp

Run Build Command(s):C:/PROGRA~1/NINJA-~1/ninja.exe cmTC_48ed8 && [1/2] Building CXX object CMakeFiles\cmTC_48ed8.dir\testCXXCompiler.cxx.obj
[2/2] Linking CXX executable cmTC_48ed8.exe



Detecting CXX compiler ABI info compiled with the following output:
Change Dir: C:/Users/Sam Li/C-Project/ImageProcessing/build/CMakeFiles/CMakeTmp

Run Build Command(s):C:/PROGRA~1/NINJA-~1/ninja.exe cmTC_8aa4e && [1/2] Building CXX object CMakeFiles\cmTC_8aa4e.dir\CMakeCXXCompilerABI.cpp.obj
[2/2] Linking CXX executable cmTC_8aa4e.exe



